TN:
SF:src/result.ts
FN:10,(anonymous_0)
FN:16,(anonymous_1)
FNF:2
FNH:2
FNDA:5,(anonymous_0)
FNDA:1,(anonymous_1)
DA:10,5
DA:16,5
LF:2
LH:2
BRF:0
BRH:0
end_of_record
TN:
SF:src/decorators/api-client.decorator.ts
FN:35,ApiClient
FN:36,(anonymous_1)
FNF:2
FNH:2
FNDA:5,ApiClient
FNDA:5,(anonymous_1)
DA:1,5
DA:3,5
DA:35,5
DA:36,5
DA:37,5
DA:38,1
DA:43,4
LF:7
LH:7
BRDA:37,0,0,1
BRDA:37,1,0,5
BRDA:37,1,1,3
BRF:3
BRH:3
end_of_record
TN:
SF:src/decorators/error-response.decorator.ts
FN:12,ErrorResponse
FN:13,(anonymous_1)
FNF:2
FNH:2
FNDA:7,ErrorResponse
FNDA:7,(anonymous_1)
DA:1,5
DA:3,5
DA:12,5
DA:13,7
DA:15,7
DA:18,7
DA:19,1
DA:26,7
DA:28,7
LF:9
LH:9
BRDA:15,0,0,7
BRDA:15,0,1,5
BRDA:18,1,0,1
BRF:3
BRH:3
end_of_record
TN:
SF:src/decorators/http-method.decorator.ts
FN:11,(anonymous_0)
FN:12,(anonymous_1)
FN:13,(anonymous_2)
FNF:3
FNH:3
FNDA:25,(anonymous_0)
FNDA:10,(anonymous_1)
FNDA:10,(anonymous_2)
DA:1,5
DA:3,5
DA:11,5
DA:12,25
DA:13,10
DA:14,10
DA:16,10
DA:20,5
DA:21,5
DA:22,5
DA:23,5
DA:24,5
LF:12
LH:12
BRDA:12,0,0,1
BRF:1
BRH:1
end_of_record
TN:
SF:src/decorators/param.decorator.ts
FN:14,(anonymous_0)
FN:15,(anonymous_1)
FN:16,(anonymous_2)
FNF:3
FNH:3
FNDA:20,(anonymous_0)
FNDA:12,(anonymous_1)
FNDA:12,(anonymous_2)
DA:1,5
DA:3,5
DA:14,5
DA:15,20
DA:16,12
DA:21,12
DA:22,1
DA:30,11
DA:32,11
DA:38,11
DA:47,5
DA:48,5
DA:49,5
DA:50,5
LF:14
LH:14
BRDA:21,0,0,1
BRDA:30,1,0,11
BRDA:30,1,1,7
BRDA:35,2,0,3
BRDA:35,2,1,8
BRF:5
BRH:5
end_of_record
TN:
SF:src/nest/nexus-client.provider.ts
FN:24,createNexusClientProvider
FN:30,(anonymous_1)
FN:103,(anonymous_2)
FNF:3
FNH:3
FNDA:26,createNexusClientProvider
FNDA:26,(anonymous_1)
FNDA:10,(anonymous_2)
DA:2,5
DA:3,5
DA:4,5
DA:8,5
DA:12,5
DA:16,5
DA:20,5
DA:21,5
DA:22,5
DA:24,5
DA:27,26
DA:34,26
DA:39,26
DA:40,0
DA:45,26
DA:47,26
DA:48,14
DA:49,1
DA:53,13
DA:58,25
DA:59,13
DA:60,13
DA:66,25
DA:67,1
DA:75,24
DA:77,24
DA:80,72
DA:82,48
DA:88,48
DA:90,48
DA:97,48
DA:103,48
DA:104,10
DA:105,10
DA:106,10
DA:107,10
DA:109,10
DA:110,19
DA:111,19
DA:112,11
DA:113,5
DA:117,6
DA:118,1
DA:119,5
DA:120,4
DA:121,1
DA:122,1
DA:126,10
DA:127,10
DA:129,10
DA:130,10
DA:136,5
DA:138,5
DA:139,5
DA:140,4
DA:141,4
DA:143,4
DA:144,3
DA:145,3
DA:150,1
DA:152,2
DA:158,2
DA:159,2
DA:167,24
LF:64
LH:63
BRDA:39,0,0,0
BRDA:47,1,0,14
BRDA:47,2,0,26
BRDA:47,2,1,14
BRDA:48,3,0,1
BRDA:58,4,0,13
BRDA:58,5,0,25
BRDA:58,5,1,13
BRDA:59,6,0,13
BRDA:66,7,0,1
BRDA:80,8,0,24
BRDA:88,9,0,48
BRDA:90,10,0,48
BRDA:90,10,1,24
BRDA:97,11,0,48
BRDA:97,11,1,24
BRDA:111,12,0,8
BRDA:112,13,0,5
BRDA:112,13,1,6
BRDA:112,14,0,11
BRDA:112,14,1,5
BRDA:117,15,0,1
BRDA:117,15,1,5
BRDA:117,16,0,6
BRDA:117,16,1,1
BRDA:119,17,0,4
BRDA:119,17,1,1
BRDA:121,18,0,1
BRDA:121,19,0,1
BRDA:121,19,1,1
BRDA:127,20,0,1
BRDA:127,20,1,9
BRDA:139,21,0,4
BRDA:139,22,0,5
BRDA:139,22,1,5
BRDA:143,23,0,3
BRDA:158,24,0,2
BRDA:158,24,1,0
BRF:38
BRH:36
end_of_record
TN:
SF:src/nest/nexus-http.service.ts
FN:31,(anonymous_0)
FN:37,(anonymous_1)
FN:46,(anonymous_2)
FNF:3
FNH:2
FNDA:6,(anonymous_0)
FNDA:0,(anonymous_1)
FNDA:5,(anonymous_2)
DA:1,6
DA:2,6
DA:28,6
DA:34,6
DA:56,5
DA:57,5
DA:59,5
DA:60,5
DA:70,2
DA:77,3
DA:78,2
DA:81,2
DA:82,1
DA:88,1
DA:97,1
DA:106,1
LF:16
LH:16
BRDA:77,0,0,2
BRDA:81,1,0,1
BRDA:108,2,0,1
BRDA:108,2,1,0
BRF:4
BRH:3
end_of_record
TN:
SF:src/nest/validation.helper.ts
FN:6,(anonymous_0)
FN:12,(anonymous_1)
FN:21,transformAndValidate
FNF:3
FNH:3
FNDA:2,(anonymous_0)
FNDA:2,(anonymous_1)
FNDA:3,transformAndValidate
DA:2,5
DA:3,5
DA:5,5
DA:7,2
DA:8,2
DA:9,2
DA:11,2
DA:12,2
DA:14,2
DA:17,2
DA:21,5
DA:26,3
DA:27,0
DA:30,3
DA:34,3
DA:35,3
DA:39,1
DA:41,2
DA:42,2
DA:44,0
LF:20
LH:18
BRDA:12,0,0,2
BRDA:12,0,1,0
BRDA:26,1,0,0
BRDA:41,2,0,2
BRDA:41,3,0,2
BRDA:41,3,1,2
BRF:6
BRH:4
end_of_record
