{"total": {"lines":{"total":287,"covered":281,"skipped":0,"pct":97.9},"statements":{"total":301,"covered":294,"skipped":0,"pct":97.67},"functions":{"total":64,"covered":61,"skipped":0,"pct":95.31},"branches":{"total":92,"covered":72,"skipped":0,"pct":78.26},"branchesTrue":{"total":0,"covered":0,"skipped":0,"pct":100}}
,"/home/kelvin/development/innv-genesis/packages/nest-initializer/src/core/app-initializer.ts": {"lines":{"total":145,"covered":141,"skipped":0,"pct":97.24},"functions":{"total":35,"covered":34,"skipped":0,"pct":97.14},"statements":{"total":151,"covered":147,"skipped":0,"pct":97.35},"branches":{"total":35,"covered":23,"skipped":0,"pct":65.71}}
,"/home/kelvin/development/innv-genesis/packages/nest-initializer/src/core/auto-discovery.helper.ts": {"lines":{"total":21,"covered":21,"skipped":0,"pct":100},"functions":{"total":1,"covered":1,"skipped":0,"pct":100},"statements":{"total":21,"covered":21,"skipped":0,"pct":100},"branches":{"total":9,"covered":8,"skipped":0,"pct":88.88}}
,"/home/kelvin/development/innv-genesis/packages/nest-initializer/src/core/config-validator.helper.ts": {"lines":{"total":10,"covered":10,"skipped":0,"pct":100},"functions":{"total":2,"covered":2,"skipped":0,"pct":100},"statements":{"total":10,"covered":10,"skipped":0,"pct":100},"branches":{"total":3,"covered":2,"skipped":0,"pct":66.66}}
,"/home/kelvin/development/innv-genesis/packages/nest-initializer/src/core/index.ts": {"lines":{"total":1,"covered":0,"skipped":0,"pct":0},"functions":{"total":0,"covered":0,"skipped":0,"pct":100},"statements":{"total":1,"covered":0,"skipped":0,"pct":0},"branches":{"total":0,"covered":0,"skipped":0,"pct":100}}
,"/home/kelvin/development/innv-genesis/packages/nest-initializer/src/features/health.controller.ts": {"lines":{"total":20,"covered":20,"skipped":0,"pct":100},"functions":{"total":5,"covered":5,"skipped":0,"pct":100},"statements":{"total":23,"covered":23,"skipped":0,"pct":100},"branches":{"total":22,"covered":18,"skipped":0,"pct":81.81}}
,"/home/kelvin/development/innv-genesis/packages/nest-initializer/src/features/index.ts": {"lines":{"total":2,"covered":2,"skipped":0,"pct":100},"functions":{"total":0,"covered":0,"skipped":0,"pct":100},"statements":{"total":2,"covered":2,"skipped":0,"pct":100},"branches":{"total":0,"covered":0,"skipped":0,"pct":100}}
,"/home/kelvin/development/innv-genesis/packages/nest-initializer/src/features/metrics/metrics.controller.ts": {"lines":{"total":8,"covered":8,"skipped":0,"pct":100},"functions":{"total":2,"covered":2,"skipped":0,"pct":100},"statements":{"total":10,"covered":10,"skipped":0,"pct":100},"branches":{"total":4,"covered":3,"skipped":0,"pct":75}}
,"/home/kelvin/development/innv-genesis/packages/nest-initializer/src/features/metrics/metrics.interceptor.ts": {"lines":{"total":13,"covered":13,"skipped":0,"pct":100},"functions":{"total":3,"covered":3,"skipped":0,"pct":100},"statements":{"total":15,"covered":15,"skipped":0,"pct":100},"branches":{"total":6,"covered":5,"skipped":0,"pct":83.33}}
,"/home/kelvin/development/innv-genesis/packages/nest-initializer/src/features/metrics/metrics.provider.ts": {"lines":{"total":9,"covered":9,"skipped":0,"pct":100},"functions":{"total":2,"covered":2,"skipped":0,"pct":100},"statements":{"total":9,"covered":9,"skipped":0,"pct":100},"branches":{"total":0,"covered":0,"skipped":0,"pct":100}}
,"/home/kelvin/development/innv-genesis/packages/nest-initializer/src/features/metrics/metrics.tokens.ts": {"lines":{"total":2,"covered":2,"skipped":0,"pct":100},"functions":{"total":0,"covered":0,"skipped":0,"pct":100},"statements":{"total":2,"covered":2,"skipped":0,"pct":100},"branches":{"total":0,"covered":0,"skipped":0,"pct":100}}
,"/home/kelvin/development/innv-genesis/packages/nest-initializer/src/interceptors/response-pattern.interceptor.ts": {"lines":{"total":4,"covered":3,"skipped":0,"pct":75},"functions":{"total":3,"covered":1,"skipped":0,"pct":33.33},"statements":{"total":5,"covered":3,"skipped":0,"pct":60},"branches":{"total":0,"covered":0,"skipped":0,"pct":100}}
,"/home/kelvin/development/innv-genesis/packages/nest-initializer/src/plugins/index.ts": {"lines":{"total":3,"covered":3,"skipped":0,"pct":100},"functions":{"total":0,"covered":0,"skipped":0,"pct":100},"statements":{"total":3,"covered":3,"skipped":0,"pct":100},"branches":{"total":0,"covered":0,"skipped":0,"pct":100}}
,"/home/kelvin/development/innv-genesis/packages/nest-initializer/src/plugins/rate-limiter.plugin.ts": {"lines":{"total":5,"covered":5,"skipped":0,"pct":100},"functions":{"total":2,"covered":2,"skipped":0,"pct":100},"statements":{"total":5,"covered":5,"skipped":0,"pct":100},"branches":{"total":1,"covered":1,"skipped":0,"pct":100}}
,"/home/kelvin/development/innv-genesis/packages/nest-initializer/src/plugins/request-logger.plugin.ts": {"lines":{"total":3,"covered":3,"skipped":0,"pct":100},"functions":{"total":1,"covered":1,"skipped":0,"pct":100},"statements":{"total":3,"covered":3,"skipped":0,"pct":100},"branches":{"total":0,"covered":0,"skipped":0,"pct":100}}
,"/home/kelvin/development/innv-genesis/packages/nest-initializer/src/plugins/typeorm-migration.plugin.ts": {"lines":{"total":11,"covered":11,"skipped":0,"pct":100},"functions":{"total":1,"covered":1,"skipped":0,"pct":100},"statements":{"total":11,"covered":11,"skipped":0,"pct":100},"branches":{"total":0,"covered":0,"skipped":0,"pct":100}}
,"/home/kelvin/development/innv-genesis/packages/nest-initializer/src/starters/caching.starter.ts": {"lines":{"total":9,"covered":9,"skipped":0,"pct":100},"functions":{"total":3,"covered":3,"skipped":0,"pct":100},"statements":{"total":9,"covered":9,"skipped":0,"pct":100},"branches":{"total":3,"covered":3,"skipped":0,"pct":100}}
,"/home/kelvin/development/innv-genesis/packages/nest-initializer/src/starters/index.ts": {"lines":{"total":3,"covered":3,"skipped":0,"pct":100},"functions":{"total":0,"covered":0,"skipped":0,"pct":100},"statements":{"total":3,"covered":3,"skipped":0,"pct":100},"branches":{"total":0,"covered":0,"skipped":0,"pct":100}}
,"/home/kelvin/development/innv-genesis/packages/nest-initializer/src/starters/mongoose.starter.ts": {"lines":{"total":7,"covered":7,"skipped":0,"pct":100},"functions":{"total":2,"covered":2,"skipped":0,"pct":100},"statements":{"total":7,"covered":7,"skipped":0,"pct":100},"branches":{"total":3,"covered":3,"skipped":0,"pct":100}}
,"/home/kelvin/development/innv-genesis/packages/nest-initializer/src/starters/typeorm.starter.ts": {"lines":{"total":11,"covered":11,"skipped":0,"pct":100},"functions":{"total":2,"covered":2,"skipped":0,"pct":100},"statements":{"total":11,"covered":11,"skipped":0,"pct":100},"branches":{"total":6,"covered":6,"skipped":0,"pct":100}}
}
