TN:
SF:src/core/app-initializer.ts
FN:138,(anonymous_2)
FN:148,(anonymous_3)
FN:160,(anonymous_4)
FN:173,(anonymous_5)
FN:180,(anonymous_6)
FN:190,(anonymous_7)
FN:212,(anonymous_8)
FN:254,(anonymous_9)
FN:263,(anonymous_10)
FN:272,(anonymous_11)
FN:281,(anonymous_12)
FN:290,(anonymous_13)
FN:300,(anonymous_14)
FN:321,(anonymous_15)
FN:334,(anonymous_16)
FN:347,(anonymous_17)
FN:360,(anonymous_18)
FN:373,(anonymous_19)
FN:385,(anonymous_20)
FN:393,(anonymous_21)
FN:394,(anonymous_22)
FN:401,(anonymous_23)
FN:402,(anonymous_24)
FN:409,(anonymous_25)
FN:410,(anonymous_26)
FN:420,(anonymous_27)
FN:424,(anonymous_28)
FN:435,(anonymous_29)
FN:454,(anonymous_30)
FN:469,(anonymous_31)
FN:481,(anonymous_32)
FN:491,(anonymous_33)
FN:523,(anonymous_34)
FN:532,(anonymous_35)
FN:538,(anonymous_36)
FNF:35
FNH:34
FNDA:43,(anonymous_2)
FNDA:1,(anonymous_3)
FNDA:1,(anonymous_4)
FNDA:2,(anonymous_5)
FNDA:1,(anonymous_6)
FNDA:1,(anonymous_7)
FNDA:3,(anonymous_8)
FNDA:2,(anonymous_9)
FNDA:6,(anonymous_10)
FNDA:2,(anonymous_11)
FNDA:3,(anonymous_12)
FNDA:2,(anonymous_13)
FNDA:1,(anonymous_14)
FNDA:1,(anonymous_15)
FNDA:1,(anonymous_16)
FNDA:1,(anonymous_17)
FNDA:1,(anonymous_18)
FNDA:1,(anonymous_19)
FNDA:4,(anonymous_20)
FNDA:3,(anonymous_21)
FNDA:1,(anonymous_22)
FNDA:3,(anonymous_23)
FNDA:2,(anonymous_24)
FNDA:3,(anonymous_25)
FNDA:2,(anonymous_26)
FNDA:1,(anonymous_27)
FNDA:1,(anonymous_28)
FNDA:1,(anonymous_29)
FNDA:1,(anonymous_30)
FNDA:1,(anonymous_31)
FNDA:0,(anonymous_32)
FNDA:2,(anonymous_33)
FNDA:1,(anonymous_34)
FNDA:1,(anonymous_35)
FNDA:10,(anonymous_36)
DA:1,5
DA:3,5
DA:5,5
DA:23,5
DA:24,5
DA:33,5
DA:39,5
DA:40,5
DA:42,5
DA:43,5
DA:44,5
DA:49,5
DA:50,5
DA:58,5
DA:113,5
DA:117,43
DA:119,43
DA:124,43
DA:125,43
DA:126,43
DA:133,43
DA:134,43
DA:135,43
DA:136,43
DA:139,43
DA:140,43
DA:151,1
DA:152,1
DA:153,1
DA:161,1
DA:162,1
DA:163,1
DA:164,1
DA:165,1
DA:174,2
DA:175,1
DA:177,2
DA:181,1
DA:182,1
DA:191,1
DA:192,1
DA:217,3
DA:218,3
DA:219,3
DA:221,3
DA:222,0
DA:227,3
DA:228,3
DA:229,3
DA:232,3
DA:233,2
DA:235,2
DA:236,2
DA:241,0
DA:246,2
DA:255,2
DA:256,2
DA:264,6
DA:265,6
DA:273,2
DA:274,2
DA:282,3
DA:283,3
DA:291,2
DA:292,2
DA:301,1
DA:307,1
DA:309,1
DA:313,1
DA:322,1
DA:326,1
DA:335,1
DA:339,1
DA:348,1
DA:352,1
DA:361,1
DA:365,1
DA:374,1
DA:378,1
DA:386,4
DA:387,4
DA:394,3
DA:395,3
DA:402,3
DA:403,3
DA:410,3
DA:411,3
DA:421,1
DA:424,1
DA:427,1
DA:428,1
DA:436,1
DA:438,1
DA:440,1
DA:441,1
DA:444,1
DA:455,1
DA:457,1
DA:459,1
DA:470,1
DA:472,1
DA:474,1
DA:482,0
DA:492,2
DA:495,2
DA:502,2
DA:503,1
DA:508,1
DA:511,1
DA:512,1
DA:516,2
DA:524,1
DA:525,1
DA:533,1
DA:535,1
DA:539,10
DA:541,10
DA:543,10
DA:549,10
DA:559,10
DA:561,10
DA:565,10
DA:566,10
DA:568,10
DA:569,1
DA:572,10
DA:573,3
DA:576,10
DA:577,2
DA:578,2
DA:581,10
DA:582,2
DA:585,10
DA:586,2
DA:591,2
DA:592,0
DA:595,2
DA:596,2
DA:602,2
DA:610,10
DA:612,10
DA:613,10
DA:615,10
DA:616,2
DA:617,2
LF:145
LH:141
BRDA:119,0,0,43
BRDA:119,0,1,43
BRDA:174,1,0,1
BRDA:218,2,0,3
BRDA:218,2,1,0
BRDA:219,3,0,3
BRDA:219,3,1,0
BRDA:221,4,0,0
BRDA:235,5,0,2
BRDA:235,5,1,0
BRDA:282,6,0,2
BRDA:282,6,1,1
BRDA:290,7,0,0
BRDA:300,8,0,0
BRDA:435,9,0,0
BRDA:454,10,0,0
BRDA:469,11,0,0
BRDA:502,12,0,1
BRDA:544,13,0,10
BRDA:544,13,1,10
BRDA:550,14,0,10
BRDA:550,14,1,10
BRDA:561,15,0,10
BRDA:561,15,1,0
BRDA:565,16,0,1
BRDA:566,17,0,1
BRDA:568,18,0,1
BRDA:585,19,0,2
BRDA:591,20,0,2
BRDA:591,20,1,2
BRDA:603,21,0,2
BRDA:603,21,1,0
BRDA:615,22,0,2
BRDA:616,23,0,2
BRDA:616,23,1,0
BRF:35
BRH:23
end_of_record
TN:
SF:src/core/auto-discovery.helper.ts
FN:23,discoverComponents
FNF:1
FNH:1
FNDA:9,discoverComponents
DA:1,6
DA:4,6
DA:7,6
DA:23,6
DA:28,9
DA:29,9
DA:30,9
DA:32,9
DA:43,9
DA:44,10
DA:45,10
DA:46,8
DA:47,10
DA:48,10
DA:49,9
DA:50,2
DA:51,7
DA:54,4
DA:55,3
DA:56,2
DA:66,9
LF:21
LH:21
BRDA:26,0,0,0
BRDA:48,1,0,9
BRDA:48,2,0,10
BRDA:48,2,1,9
BRDA:49,3,0,2
BRDA:49,3,1,7
BRDA:51,4,0,4
BRDA:51,4,1,3
BRDA:55,5,0,2
BRF:9
BRH:8
end_of_record
TN:
SF:src/core/config-validator.helper.ts
FN:12,validateConfig
FN:27,(anonymous_1)
FNF:2
FNH:2
FNDA:6,validateConfig
FNDA:4,(anonymous_1)
DA:2,6
DA:3,6
DA:12,6
DA:16,6
DA:21,6
DA:25,6
DA:26,4
DA:27,4
DA:30,4
DA:33,2
LF:10
LH:10
BRDA:25,0,0,4
BRDA:27,1,0,4
BRDA:27,1,1,0
BRF:3
BRH:2
end_of_record
TN:
SF:src/core/index.ts
FNF:0
FNH:0
DA:1,0
LF:1
LH:0
BRF:0
BRH:0
end_of_record
TN:
SF:src/features/health.controller.ts
FN:16,(anonymous_13)
FN:27,(anonymous_14)
FN:31,(anonymous_15)
FN:36,(anonymous_16)
FN:39,(anonymous_17)
FNF:5
FNH:5
FNDA:7,(anonymous_13)
FNDA:6,(anonymous_14)
FNDA:4,(anonymous_15)
FNDA:6,(anonymous_16)
FNDA:6,(anonymous_17)
DA:1,6
DA:2,6
DA:10,6
DA:12,6
DA:15,6
DA:18,7
DA:19,7
DA:21,7
DA:22,7
DA:27,6
DA:28,6
DA:30,6
DA:31,4
DA:34,6
DA:35,3
DA:36,3
DA:37,6
DA:39,3
DA:40,6
DA:44,6
LF:20
LH:20
BRDA:30,0,0,2
BRDA:30,1,0,6
BRDA:30,1,1,3
BRDA:34,2,0,3
BRDA:35,3,0,2
BRDA:35,4,0,2
BRDA:18,5,0,0
BRDA:18,5,1,6
BRDA:18,6,0,6
BRDA:18,6,1,6
BRDA:18,7,0,6
BRDA:18,7,1,0
BRDA:18,8,0,6
BRDA:18,8,1,6
BRDA:19,9,0,6
BRDA:19,9,1,0
BRDA:19,10,0,6
BRDA:19,10,1,6
BRDA:21,11,0,6
BRDA:21,11,1,0
BRDA:21,12,0,6
BRDA:21,12,1,6
BRF:22
BRH:18
end_of_record
TN:
SF:src/features/index.ts
FNF:0
FNH:0
DA:1,5
DA:2,5
LF:2
LH:2
BRF:0
BRH:0
end_of_record
TN:
SF:src/features/metrics/metrics.controller.ts
FN:8,(anonymous_4)
FN:14,(anonymous_5)
FNF:2
FNH:2
FNDA:4,(anonymous_4)
FNDA:3,(anonymous_5)
DA:1,6
DA:2,6
DA:4,6
DA:7,6
DA:10,4
DA:14,6
DA:15,3
DA:16,3
LF:8
LH:8
BRDA:10,0,0,6
BRDA:10,0,1,0
BRDA:10,1,0,6
BRDA:10,1,1,6
BRF:4
BRH:3
end_of_record
TN:
SF:src/features/metrics/metrics.interceptor.ts
FN:17,(anonymous_4)
FN:22,(anonymous_5)
FN:30,(anonymous_6)
FNF:3
FNH:3
FNDA:6,(anonymous_4)
FNDA:5,(anonymous_5)
FNDA:3,(anonymous_6)
DA:1,6
DA:9,6
DA:11,6
DA:13,6
DA:16,6
DA:19,6
DA:23,5
DA:24,5
DA:25,5
DA:27,5
DA:29,5
DA:31,3
DA:33,3
LF:13
LH:13
BRDA:31,0,0,3
BRDA:31,0,1,1
BRDA:19,1,0,6
BRDA:19,1,1,0
BRDA:19,2,0,6
BRDA:19,2,1,6
BRF:6
BRH:5
end_of_record
TN:
SF:src/features/metrics/metrics.provider.ts
FN:9,(anonymous_0)
FN:17,(anonymous_1)
FNF:2
FNH:2
FNDA:2,(anonymous_0)
FNDA:2,(anonymous_1)
DA:2,6
DA:4,6
DA:6,6
DA:10,2
DA:11,2
DA:12,2
DA:18,2
DA:24,2
DA:25,2
LF:9
LH:9
BRF:0
BRH:0
end_of_record
TN:
SF:src/features/metrics/metrics.tokens.ts
FNF:0
FNH:0
DA:1,8
DA:2,8
LF:2
LH:2
BRF:0
BRH:0
end_of_record
TN:
SF:src/interceptors/response-pattern.interceptor.ts
FN:7,(anonymous_0)
FN:9,(anonymous_1)
FN:10,(anonymous_2)
FNF:3
FNH:1
FNDA:1,(anonymous_0)
FNDA:0,(anonymous_1)
FNDA:0,(anonymous_2)
DA:2,5
DA:6,5
DA:7,1
DA:10,0
LF:4
LH:3
BRF:0
BRH:0
end_of_record
TN:
SF:src/plugins/index.ts
FNF:0
FNH:0
DA:1,7
DA:2,7
DA:3,7
LF:3
LH:3
BRF:0
BRH:0
end_of_record
TN:
SF:src/plugins/rate-limiter.plugin.ts
FN:9,(anonymous_1)
FN:24,(anonymous_2)
FNF:2
FNH:2
FNDA:6,(anonymous_1)
FNDA:3,(anonymous_2)
DA:2,6
DA:6,6
DA:10,6
DA:21,6
DA:25,3
LF:5
LH:5
BRDA:9,0,0,4
BRF:1
BRH:1
end_of_record
TN:
SF:src/plugins/request-logger.plugin.ts
FN:7,(anonymous_1)
FNF:1
FNH:1
FNDA:3,(anonymous_1)
DA:2,6
DA:6,6
DA:8,3
LF:3
LH:3
BRF:0
BRH:0
end_of_record
TN:
SF:src/plugins/typeorm-migration.plugin.ts
FN:18,(anonymous_0)
FNF:1
FNH:1
FNDA:5,(anonymous_0)
DA:1,6
DA:2,6
DA:10,6
DA:11,6
DA:19,5
DA:20,5
DA:22,4
DA:24,4
DA:26,3
DA:28,2
DA:32,2
LF:11
LH:11
BRF:0
BRH:0
end_of_record
TN:
SF:src/starters/caching.starter.ts
FN:25,createCachingStarter
FN:35,(anonymous_1)
FN:41,(anonymous_2)
FNF:3
FNH:3
FNDA:4,createCachingStarter
FNDA:3,(anonymous_1)
FNDA:1,(anonymous_2)
DA:1,7
DA:2,7
DA:3,7
DA:25,7
DA:26,4
DA:28,4
DA:36,3
DA:40,3
DA:41,1
LF:9
LH:9
BRDA:25,0,0,2
BRDA:26,1,0,3
BRDA:26,2,0,3
BRF:3
BRH:3
end_of_record
TN:
SF:src/starters/index.ts
FNF:0
FNH:0
DA:1,6
DA:2,6
DA:3,6
LF:3
LH:3
BRF:0
BRH:0
end_of_record
TN:
SF:src/starters/mongoose.starter.ts
FN:24,createMongooseStarter
FN:31,(anonymous_1)
FNF:2
FNH:2
FNDA:4,createMongooseStarter
FNDA:3,(anonymous_1)
DA:1,6
DA:2,6
DA:24,6
DA:25,4
DA:27,4
DA:31,3
DA:37,4
LF:7
LH:7
BRDA:24,0,0,2
BRDA:25,1,0,3
BRDA:25,2,0,3
BRF:3
BRH:3
end_of_record
TN:
SF:src/starters/typeorm.starter.ts
FN:24,createTypeOrmStarter
FN:35,(anonymous_1)
FNF:2
FNH:2
FNDA:6,createTypeOrmStarter
FNDA:4,(anonymous_1)
DA:1,6
DA:2,6
DA:5,6
DA:24,6
DA:30,6
DA:32,6
DA:36,4
DA:44,6
DA:45,6
DA:46,1
DA:49,6
LF:11
LH:11
BRDA:24,0,0,2
BRDA:26,1,0,5
BRDA:27,2,0,5
BRDA:28,3,0,5
BRDA:29,4,0,5
BRDA:45,5,0,1
BRF:6
BRH:6
end_of_record
