TN:
SF:src/core/app-initializer.ts
FN:137,(anonymous_2)
FN:147,(anonymous_3)
FN:159,(anonymous_4)
FN:172,(anonymous_5)
FN:179,(anonymous_6)
FN:189,(anonymous_7)
FN:211,(anonymous_8)
FN:253,(anonymous_9)
FN:262,(anonymous_10)
FN:271,(anonymous_11)
FN:280,(anonymous_12)
FN:289,(anonymous_13)
FN:299,(anonymous_14)
FN:320,(anonymous_15)
FN:333,(anonymous_16)
FN:346,(anonymous_17)
FN:359,(anonymous_18)
FN:372,(anonymous_19)
FN:384,(anonymous_20)
FN:392,(anonymous_21)
FN:393,(anonymous_22)
FN:400,(anonymous_23)
FN:401,(anonymous_24)
FN:408,(anonymous_25)
FN:409,(anonymous_26)
FN:419,(anonymous_27)
FN:423,(anonymous_28)
FN:434,(anonymous_29)
FN:453,(anonymous_30)
FN:468,(anonymous_31)
FN:480,(anonymous_32)
FN:490,(anonymous_33)
FN:522,(anonymous_34)
FN:531,(anonymous_35)
FN:537,(anonymous_36)
FNF:35
FNH:34
FNDA:43,(anonymous_2)
FNDA:1,(anonymous_3)
FNDA:1,(anonymous_4)
FNDA:2,(anonymous_5)
FNDA:1,(anonymous_6)
FNDA:1,(anonymous_7)
FNDA:3,(anonymous_8)
FNDA:2,(anonymous_9)
FNDA:6,(anonymous_10)
FNDA:2,(anonymous_11)
FNDA:3,(anonymous_12)
FNDA:2,(anonymous_13)
FNDA:1,(anonymous_14)
FNDA:1,(anonymous_15)
FNDA:1,(anonymous_16)
FNDA:1,(anonymous_17)
FNDA:1,(anonymous_18)
FNDA:1,(anonymous_19)
FNDA:4,(anonymous_20)
FNDA:3,(anonymous_21)
FNDA:1,(anonymous_22)
FNDA:3,(anonymous_23)
FNDA:2,(anonymous_24)
FNDA:3,(anonymous_25)
FNDA:2,(anonymous_26)
FNDA:1,(anonymous_27)
FNDA:1,(anonymous_28)
FNDA:1,(anonymous_29)
FNDA:1,(anonymous_30)
FNDA:1,(anonymous_31)
FNDA:0,(anonymous_32)
FNDA:2,(anonymous_33)
FNDA:1,(anonymous_34)
FNDA:1,(anonymous_35)
FNDA:10,(anonymous_36)
DA:1,5
DA:3,5
DA:8,5
DA:26,5
DA:27,5
DA:36,5
DA:42,5
DA:43,5
DA:45,5
DA:46,5
DA:47,5
DA:52,5
DA:53,5
DA:61,5
DA:116,5
DA:120,43
DA:122,43
DA:127,43
DA:128,43
DA:129,43
DA:132,43
DA:133,43
DA:134,43
DA:135,43
DA:138,43
DA:139,43
DA:150,1
DA:151,1
DA:152,1
DA:160,1
DA:161,1
DA:162,1
DA:163,1
DA:164,1
DA:173,2
DA:174,1
DA:176,2
DA:180,1
DA:181,1
DA:190,1
DA:191,1
DA:216,3
DA:217,3
DA:218,3
DA:220,3
DA:221,0
DA:226,3
DA:227,3
DA:228,3
DA:231,3
DA:232,2
DA:234,2
DA:235,2
DA:240,0
DA:245,2
DA:254,2
DA:255,2
DA:263,6
DA:264,6
DA:272,2
DA:273,2
DA:281,3
DA:282,3
DA:290,2
DA:291,2
DA:300,1
DA:306,1
DA:308,1
DA:312,1
DA:321,1
DA:325,1
DA:334,1
DA:338,1
DA:347,1
DA:351,1
DA:360,1
DA:364,1
DA:373,1
DA:377,1
DA:385,4
DA:386,4
DA:393,3
DA:394,3
DA:401,3
DA:402,3
DA:409,3
DA:410,3
DA:420,1
DA:423,1
DA:426,1
DA:427,1
DA:435,1
DA:437,1
DA:439,1
DA:440,1
DA:443,1
DA:454,1
DA:456,1
DA:458,1
DA:469,1
DA:471,1
DA:473,1
DA:481,0
DA:491,2
DA:494,2
DA:501,2
DA:502,1
DA:507,1
DA:510,1
DA:511,1
DA:515,2
DA:523,1
DA:524,1
DA:532,1
DA:534,1
DA:538,10
DA:540,10
DA:542,10
DA:548,10
DA:558,10
DA:560,10
DA:564,10
DA:565,10
DA:567,10
DA:568,1
DA:571,10
DA:572,3
DA:575,10
DA:576,2
DA:577,2
DA:580,10
DA:581,2
DA:584,10
DA:585,2
DA:590,2
DA:591,0
DA:594,2
DA:595,2
DA:601,2
DA:609,10
DA:611,10
DA:612,10
DA:614,10
DA:615,2
DA:616,2
LF:145
LH:141
BRDA:122,0,0,43
BRDA:122,0,1,43
BRDA:173,1,0,1
BRDA:217,2,0,3
BRDA:217,2,1,0
BRDA:218,3,0,3
BRDA:218,3,1,0
BRDA:220,4,0,0
BRDA:234,5,0,2
BRDA:234,5,1,0
BRDA:281,6,0,2
BRDA:281,6,1,1
BRDA:289,7,0,0
BRDA:299,8,0,0
BRDA:434,9,0,0
BRDA:453,10,0,0
BRDA:468,11,0,0
BRDA:501,12,0,1
BRDA:543,13,0,10
BRDA:543,13,1,10
BRDA:549,14,0,10
BRDA:549,14,1,10
BRDA:560,15,0,10
BRDA:560,15,1,0
BRDA:564,16,0,1
BRDA:565,17,0,1
BRDA:567,18,0,1
BRDA:584,19,0,2
BRDA:590,20,0,2
BRDA:590,20,1,2
BRDA:602,21,0,2
BRDA:602,21,1,0
BRDA:614,22,0,2
BRDA:615,23,0,2
BRDA:615,23,1,0
BRF:35
BRH:23
end_of_record
TN:
SF:src/core/auto-discovery.helper.ts
FN:23,discoverComponents
FNF:1
FNH:1
FNDA:9,discoverComponents
DA:1,6
DA:4,6
DA:7,6
DA:23,6
DA:28,9
DA:29,9
DA:30,9
DA:32,9
DA:43,9
DA:44,10
DA:45,10
DA:46,8
DA:47,10
DA:48,10
DA:49,9
DA:50,2
DA:51,7
DA:54,4
DA:55,3
DA:58,2
DA:68,9
LF:21
LH:21
BRDA:26,0,0,0
BRDA:48,1,0,9
BRDA:48,2,0,10
BRDA:48,2,1,9
BRDA:49,3,0,2
BRDA:49,3,1,7
BRDA:51,4,0,4
BRDA:51,4,1,3
BRDA:55,5,0,2
BRF:9
BRH:8
end_of_record
TN:
SF:src/core/config-validator.helper.ts
FN:12,validateConfig
FN:27,(anonymous_1)
FNF:2
FNH:2
FNDA:6,validateConfig
FNDA:4,(anonymous_1)
DA:2,6
DA:3,6
DA:12,6
DA:16,6
DA:21,6
DA:25,6
DA:26,4
DA:27,4
DA:30,4
DA:33,2
LF:10
LH:10
BRDA:25,0,0,4
BRDA:27,1,0,4
BRDA:27,1,1,0
BRF:3
BRH:2
end_of_record
TN:
SF:src/core/index.ts
FNF:0
FNH:0
DA:1,0
LF:1
LH:0
BRF:0
BRH:0
end_of_record
TN:
SF:src/features/health.controller.ts
FN:16,(anonymous_13)
FN:27,(anonymous_14)
FN:31,(anonymous_15)
FN:36,(anonymous_16)
FN:39,(anonymous_17)
FNF:5
FNH:5
FNDA:7,(anonymous_13)
FNDA:6,(anonymous_14)
FNDA:4,(anonymous_15)
FNDA:6,(anonymous_16)
FNDA:6,(anonymous_17)
DA:1,6
DA:2,6
DA:10,6
DA:12,6
DA:15,6
DA:18,7
DA:19,7
DA:21,7
DA:22,7
DA:27,6
DA:28,6
DA:30,6
DA:31,4
DA:34,6
DA:35,3
DA:36,3
DA:37,6
DA:39,3
DA:40,6
DA:44,6
LF:20
LH:20
BRDA:30,0,0,2
BRDA:30,1,0,6
BRDA:30,1,1,3
BRDA:34,2,0,3
BRDA:35,3,0,2
BRDA:35,4,0,2
BRDA:18,5,0,0
BRDA:18,5,1,6
BRDA:18,6,0,6
BRDA:18,6,1,6
BRDA:18,7,0,6
BRDA:18,7,1,0
BRDA:18,8,0,6
BRDA:18,8,1,6
BRDA:19,9,0,6
BRDA:19,9,1,0
BRDA:19,10,0,6
BRDA:19,10,1,6
BRDA:21,11,0,6
BRDA:21,11,1,0
BRDA:21,12,0,6
BRDA:21,12,1,6
BRF:22
BRH:18
end_of_record
TN:
SF:src/features/index.ts
FNF:0
FNH:0
DA:1,5
DA:2,5
LF:2
LH:2
BRF:0
BRH:0
end_of_record
TN:
SF:src/features/metrics/metrics.controller.ts
FN:8,(anonymous_4)
FN:14,(anonymous_5)
FNF:2
FNH:2
FNDA:4,(anonymous_4)
FNDA:3,(anonymous_5)
DA:1,6
DA:2,6
DA:4,6
DA:7,6
DA:10,4
DA:14,6
DA:15,3
DA:16,3
LF:8
LH:8
BRDA:10,0,0,6
BRDA:10,0,1,0
BRDA:10,1,0,6
BRDA:10,1,1,6
BRF:4
BRH:3
end_of_record
TN:
SF:src/features/metrics/metrics.interceptor.ts
FN:17,(anonymous_4)
FN:22,(anonymous_5)
FN:30,(anonymous_6)
FNF:3
FNH:3
FNDA:6,(anonymous_4)
FNDA:5,(anonymous_5)
FNDA:3,(anonymous_6)
DA:1,6
DA:9,6
DA:11,6
DA:13,6
DA:16,6
DA:19,6
DA:23,5
DA:24,5
DA:25,5
DA:27,5
DA:29,5
DA:31,3
DA:33,3
LF:13
LH:13
BRDA:31,0,0,3
BRDA:31,0,1,1
BRDA:19,1,0,6
BRDA:19,1,1,0
BRDA:19,2,0,6
BRDA:19,2,1,6
BRF:6
BRH:5
end_of_record
TN:
SF:src/features/metrics/metrics.provider.ts
FN:9,(anonymous_0)
FN:17,(anonymous_1)
FNF:2
FNH:2
FNDA:2,(anonymous_0)
FNDA:2,(anonymous_1)
DA:2,6
DA:4,6
DA:6,6
DA:10,2
DA:11,2
DA:12,2
DA:18,2
DA:24,2
DA:25,2
LF:9
LH:9
BRF:0
BRH:0
end_of_record
TN:
SF:src/features/metrics/metrics.tokens.ts
FNF:0
FNH:0
DA:1,8
DA:2,8
LF:2
LH:2
BRF:0
BRH:0
end_of_record
TN:
SF:src/interceptors/response-pattern.interceptor.ts
FN:7,(anonymous_0)
FN:9,(anonymous_1)
FN:10,(anonymous_2)
FNF:3
FNH:1
FNDA:1,(anonymous_0)
FNDA:0,(anonymous_1)
FNDA:0,(anonymous_2)
DA:2,5
DA:6,5
DA:7,1
DA:10,0
LF:4
LH:3
BRF:0
BRH:0
end_of_record
TN:
SF:src/plugins/index.ts
FNF:0
FNH:0
DA:1,7
DA:2,7
DA:3,7
LF:3
LH:3
BRF:0
BRH:0
end_of_record
TN:
SF:src/plugins/rate-limiter.plugin.ts
FN:9,(anonymous_1)
FN:24,(anonymous_2)
FNF:2
FNH:2
FNDA:6,(anonymous_1)
FNDA:3,(anonymous_2)
DA:2,6
DA:6,6
DA:10,6
DA:21,6
DA:25,3
LF:5
LH:5
BRDA:9,0,0,4
BRF:1
BRH:1
end_of_record
TN:
SF:src/plugins/request-logger.plugin.ts
FN:7,(anonymous_1)
FNF:1
FNH:1
FNDA:3,(anonymous_1)
DA:2,6
DA:6,6
DA:8,3
LF:3
LH:3
BRF:0
BRH:0
end_of_record
TN:
SF:src/plugins/typeorm-migration.plugin.ts
FN:18,(anonymous_0)
FNF:1
FNH:1
FNDA:5,(anonymous_0)
DA:1,6
DA:2,6
DA:10,6
DA:11,6
DA:19,5
DA:20,5
DA:22,4
DA:24,4
DA:26,3
DA:28,2
DA:32,2
LF:11
LH:11
BRF:0
BRH:0
end_of_record
TN:
SF:src/starters/caching.starter.ts
FN:25,createCachingStarter
FN:35,(anonymous_1)
FN:41,(anonymous_2)
FNF:3
FNH:3
FNDA:4,createCachingStarter
FNDA:3,(anonymous_1)
FNDA:1,(anonymous_2)
DA:1,7
DA:2,7
DA:3,7
DA:25,7
DA:26,4
DA:28,4
DA:36,3
DA:40,3
DA:41,1
LF:9
LH:9
BRDA:25,0,0,2
BRDA:26,1,0,3
BRDA:26,2,0,3
BRF:3
BRH:3
end_of_record
TN:
SF:src/starters/index.ts
FNF:0
FNH:0
DA:1,6
DA:2,6
DA:3,6
LF:3
LH:3
BRF:0
BRH:0
end_of_record
TN:
SF:src/starters/mongoose.starter.ts
FN:24,createMongooseStarter
FN:31,(anonymous_1)
FNF:2
FNH:2
FNDA:4,createMongooseStarter
FNDA:3,(anonymous_1)
DA:1,6
DA:2,6
DA:24,6
DA:25,4
DA:27,4
DA:31,3
DA:37,4
LF:7
LH:7
BRDA:24,0,0,2
BRDA:25,1,0,3
BRDA:25,2,0,3
BRF:3
BRH:3
end_of_record
TN:
SF:src/starters/typeorm.starter.ts
FN:24,createTypeOrmStarter
FN:35,(anonymous_1)
FNF:2
FNH:2
FNDA:6,createTypeOrmStarter
FNDA:4,(anonymous_1)
DA:1,6
DA:2,6
DA:5,6
DA:24,6
DA:30,6
DA:32,6
DA:36,4
DA:44,6
DA:45,6
DA:46,1
DA:49,6
LF:11
LH:11
BRDA:24,0,0,2
BRDA:26,1,0,5
BRDA:27,2,0,5
BRDA:28,3,0,5
BRDA:29,4,0,5
BRDA:45,5,0,1
BRF:6
BRH:6
end_of_record
